[17-May-2024 13:17:06 UTC] PHP Warning:  Undefined array key "editor_post_id" in C:\Users\baham\Local Sites\laviedesplantes\app\public\wp-content\plugins\elementor\includes\managers\widgets.php on line 378
[17-May-2024 13:17:12 UTC] PHP Warning:  Undefined array key "editor_post_id" in C:\Users\baham\Local Sites\laviedesplantes\app\public\wp-content\plugins\elementor\includes\managers\widgets.php on line 378
[17-May-2024 13:20:58 UTC] PHP Warning:  Undefined array key "editor_post_id" in C:\Users\baham\Local Sites\laviedesplantes\app\public\wp-content\plugins\elementor\includes\managers\widgets.php on line 378
[17-May-2024 13:21:21 UTC] PHP Warning:  Undefined array key "editor_post_id" in C:\Users\baham\Local Sites\laviedesplantes\app\public\wp-content\plugins\elementor\includes\managers\widgets.php on line 378
[17-May-2024 13:21:28 UTC] PHP Warning:  Undefined array key "editor_post_id" in C:\Users\baham\Local Sites\laviedesplantes\app\public\wp-content\plugins\elementor\includes\managers\widgets.php on line 378
[17-May-2024 13:29:29 UTC] PHP Warning:  Undefined array key "editor_post_id" in C:\Users\baham\Local Sites\laviedesplantes\app\public\wp-content\plugins\elementor\includes\managers\widgets.php on line 378
[17-May-2024 13:35:09 UTC] PHP Warning:  Undefined array key "editor_post_id" in C:\Users\baham\Local Sites\laviedesplantes\app\public\wp-content\plugins\elementor\includes\managers\widgets.php on line 378
[17-May-2024 13:35:54 UTC] PHP Warning:  Undefined array key "editor_post_id" in C:\Users\baham\Local Sites\laviedesplantes\app\public\wp-content\plugins\elementor\includes\managers\widgets.php on line 378
[17-May-2024 13:45:41 UTC] PHP Warning:  Undefined array key "editor_post_id" in C:\Users\baham\Local Sites\laviedesplantes\app\public\wp-content\plugins\elementor\includes\managers\widgets.php on line 378
[18-May-2024 11:29:03 UTC] Cron reschedule event error for hook: wp_privacy_delete_old_export_files, Error code: could_not_set, Error message: The cron event list could not be saved., Data: {"schedule":"hourly","args":[],"interval":3600}
[20-May-2024 09:28:51 UTC] Cron reschedule event error for hook: action_scheduler_run_queue, Error code: could_not_set, Error message: The cron event list could not be saved., Data: {"schedule":"every_minute","args":["WP Cron"],"interval":60}
[20-May-2024 09:41:42 UTC] PHP Warning:  Undefined array key "erase_plugin_data" in C:\Users\baham\Local Sites\laviedesplantes\app\public\wp-content\plugins\pinterest-for-woocommerce\uninstall.php on line 37
[20-May-2024 11:27:45 UTC] PHP Warning:  Attempt to read property "title" on null in C:\Users\baham\Local Sites\laviedesplantes\app\public\wp-includes\class-wp-customize-widgets.php on line 905
[20-May-2024 11:28:57 UTC] PHP Warning:  Undefined array key "queryId" in C:\Users\baham\Local Sites\laviedesplantes\app\public\wp-content\plugins\woocommerce\src\Blocks\BlockTypes\ProductCollection.php on line 289
[20-May-2024 11:28:57 UTC] PHP Warning:  Undefined array key "queryId" in C:\Users\baham\Local Sites\laviedesplantes\app\public\wp-content\plugins\woocommerce\src\Blocks\BlockTypes\ProductCollection.php on line 114
[20-May-2024 11:28:57 UTC] PHP Warning:  Undefined array key "queryId" in C:\Users\baham\Local Sites\laviedesplantes\app\public\wp-content\plugins\woocommerce\src\Blocks\BlockTypes\ProductCollection.php on line 311
[20-May-2024 11:28:57 UTC] PHP Warning:  Undefined array key "queryId" in C:\Users\baham\Local Sites\laviedesplantes\app\public\wp-content\plugins\woocommerce\src\Blocks\BlockTypes\ProductCollection.php on line 289
[20-May-2024 11:28:57 UTC] PHP Warning:  Undefined array key "queryId" in C:\Users\baham\Local Sites\laviedesplantes\app\public\wp-content\plugins\woocommerce\src\Blocks\BlockTypes\ProductCollection.php on line 114
[20-May-2024 11:28:57 UTC] PHP Warning:  Undefined array key "queryId" in C:\Users\baham\Local Sites\laviedesplantes\app\public\wp-content\plugins\woocommerce\src\Blocks\BlockTypes\ProductCollection.php on line 311
[20-May-2024 12:01:06 UTC] PHP Warning:  Undefined array key "queryId" in C:\Users\baham\Local Sites\laviedesplantes\app\public\wp-content\plugins\woocommerce\src\Blocks\BlockTypes\ProductCollection.php on line 289
[20-May-2024 12:01:06 UTC] PHP Warning:  Undefined array key "queryId" in C:\Users\baham\Local Sites\laviedesplantes\app\public\wp-content\plugins\woocommerce\src\Blocks\BlockTypes\ProductCollection.php on line 114
[20-May-2024 12:01:06 UTC] PHP Warning:  Undefined array key "queryId" in C:\Users\baham\Local Sites\laviedesplantes\app\public\wp-content\plugins\woocommerce\src\Blocks\BlockTypes\ProductCollection.php on line 311
[20-May-2024 12:01:06 UTC] PHP Warning:  Undefined array key "queryId" in C:\Users\baham\Local Sites\laviedesplantes\app\public\wp-content\plugins\woocommerce\src\Blocks\BlockTypes\ProductCollection.php on line 289
[20-May-2024 12:01:06 UTC] PHP Warning:  Undefined array key "queryId" in C:\Users\baham\Local Sites\laviedesplantes\app\public\wp-content\plugins\woocommerce\src\Blocks\BlockTypes\ProductCollection.php on line 114
[20-May-2024 12:01:06 UTC] PHP Warning:  Undefined array key "queryId" in C:\Users\baham\Local Sites\laviedesplantes\app\public\wp-content\plugins\woocommerce\src\Blocks\BlockTypes\ProductCollection.php on line 311
[20-May-2024 12:09:30 UTC] PHP Warning:  Undefined array key "queryId" in C:\Users\baham\Local Sites\laviedesplantes\app\public\wp-content\plugins\woocommerce\src\Blocks\BlockTypes\ProductCollection.php on line 289
[20-May-2024 12:09:30 UTC] PHP Warning:  Undefined array key "queryId" in C:\Users\baham\Local Sites\laviedesplantes\app\public\wp-content\plugins\woocommerce\src\Blocks\BlockTypes\ProductCollection.php on line 114
[20-May-2024 12:09:30 UTC] PHP Warning:  Undefined array key "queryId" in C:\Users\baham\Local Sites\laviedesplantes\app\public\wp-content\plugins\woocommerce\src\Blocks\BlockTypes\ProductCollection.php on line 311
[20-May-2024 12:09:30 UTC] PHP Warning:  Undefined array key "queryId" in C:\Users\baham\Local Sites\laviedesplantes\app\public\wp-content\plugins\woocommerce\src\Blocks\BlockTypes\ProductCollection.php on line 289
[20-May-2024 12:09:30 UTC] PHP Warning:  Undefined array key "queryId" in C:\Users\baham\Local Sites\laviedesplantes\app\public\wp-content\plugins\woocommerce\src\Blocks\BlockTypes\ProductCollection.php on line 114
[20-May-2024 12:09:30 UTC] PHP Warning:  Undefined array key "queryId" in C:\Users\baham\Local Sites\laviedesplantes\app\public\wp-content\plugins\woocommerce\src\Blocks\BlockTypes\ProductCollection.php on line 311
[20-May-2024 12:09:42 UTC] PHP Warning:  Undefined array key "queryId" in C:\Users\baham\Local Sites\laviedesplantes\app\public\wp-content\plugins\woocommerce\src\Blocks\BlockTypes\ProductCollection.php on line 289
[20-May-2024 12:09:42 UTC] PHP Warning:  Undefined array key "queryId" in C:\Users\baham\Local Sites\laviedesplantes\app\public\wp-content\plugins\woocommerce\src\Blocks\BlockTypes\ProductCollection.php on line 114
[20-May-2024 12:09:42 UTC] PHP Warning:  Undefined array key "queryId" in C:\Users\baham\Local Sites\laviedesplantes\app\public\wp-content\plugins\woocommerce\src\Blocks\BlockTypes\ProductCollection.php on line 311
[20-May-2024 12:09:42 UTC] PHP Warning:  Undefined array key "queryId" in C:\Users\baham\Local Sites\laviedesplantes\app\public\wp-content\plugins\woocommerce\src\Blocks\BlockTypes\ProductCollection.php on line 289
[20-May-2024 12:09:42 UTC] PHP Warning:  Undefined array key "queryId" in C:\Users\baham\Local Sites\laviedesplantes\app\public\wp-content\plugins\woocommerce\src\Blocks\BlockTypes\ProductCollection.php on line 114
[20-May-2024 12:09:42 UTC] PHP Warning:  Undefined array key "queryId" in C:\Users\baham\Local Sites\laviedesplantes\app\public\wp-content\plugins\woocommerce\src\Blocks\BlockTypes\ProductCollection.php on line 311
[20-May-2024 12:42:22 UTC] PHP Warning:  Undefined array key "queryId" in C:\Users\baham\Local Sites\laviedesplantes\app\public\wp-content\plugins\woocommerce\src\Blocks\BlockTypes\ProductCollection.php on line 289
[20-May-2024 12:42:22 UTC] PHP Warning:  Undefined array key "queryId" in C:\Users\baham\Local Sites\laviedesplantes\app\public\wp-content\plugins\woocommerce\src\Blocks\BlockTypes\ProductCollection.php on line 114
[20-May-2024 12:42:22 UTC] PHP Warning:  Undefined array key "queryId" in C:\Users\baham\Local Sites\laviedesplantes\app\public\wp-content\plugins\woocommerce\src\Blocks\BlockTypes\ProductCollection.php on line 311
[20-May-2024 12:42:22 UTC] PHP Warning:  Undefined array key "queryId" in C:\Users\baham\Local Sites\laviedesplantes\app\public\wp-content\plugins\woocommerce\src\Blocks\BlockTypes\ProductCollection.php on line 289
[20-May-2024 12:42:22 UTC] PHP Warning:  Undefined array key "queryId" in C:\Users\baham\Local Sites\laviedesplantes\app\public\wp-content\plugins\woocommerce\src\Blocks\BlockTypes\ProductCollection.php on line 114
[20-May-2024 12:42:22 UTC] PHP Warning:  Undefined array key "queryId" in C:\Users\baham\Local Sites\laviedesplantes\app\public\wp-content\plugins\woocommerce\src\Blocks\BlockTypes\ProductCollection.php on line 311
[21-May-2024 11:31:50 UTC] PHP Fatal error:  Uncaught TypeError: Unsupported operand types: int * string in C:\Users\baham\Local Sites\laviedesplantes\app\public\wp-content\plugins\woolentor-addons\includes\archive_product_render.php:187
Stack trace:
#0 C:\Users\baham\Local Sites\laviedesplantes\app\public\wp-content\plugins\woolentor-addons\includes\archive_product_render.php(31): Archive_Products_Render->parse_query_args()
#1 C:\Users\baham\Local Sites\laviedesplantes\app\public\wp-content\plugins\woolentor-addons\includes\addons\wb_archive_product.php(947): Archive_Products_Render->__construct(Array, 'products', true)
#2 C:\Users\baham\Local Sites\laviedesplantes\app\public\wp-content\plugins\elementor\includes\base\controls-stack.php(2315): Elementor\Woolentor_Wb_Archive_Product_Widget->render()
#3 C:\Users\baham\Local Sites\laviedesplantes\app\public\wp-content\plugins\elementor\includes\base\widget-base.php(634): Elementor\Controls_Stack->render_by_mode()
#4 C:\Users\baham\Local Sites\laviedesplantes\app\public\wp-content\plugins\elementor\core\base\document.php(372): Elementor\Widget_Base->render_content()
#5 C:\Users\baham\Local Sites\laviedesplantes\app\public\wp-content\plugins\elementor\includes\managers\widgets.php(461): Elementor\Core\Base\Document->render_element(Array)
#6 [internal function]: Elementor\Widgets_Manager->ajax_render_widget(Array, Object(Elementor\Core\Common\Modules\Ajax\Module))
#7 C:\Users\baham\Local Sites\laviedesplantes\app\public\wp-content\plugins\elementor\core\common\modules\ajax\module.php(176): call_user_func(Array, Array, Object(Elementor\Core\Common\Modules\Ajax\Module))
#8 C:\Users\baham\Local Sites\laviedesplantes\app\public\wp-includes\class-wp-hook.php(324): Elementor\Core\Common\Modules\Ajax\Module->handle_ajax_request('')
#9 C:\Users\baham\Local Sites\laviedesplantes\app\public\wp-includes\class-wp-hook.php(348): WP_Hook->apply_filters('', Array)
#10 C:\Users\baham\Local Sites\laviedesplantes\app\public\wp-includes\plugin.php(517): WP_Hook->do_action(Array)
#11 C:\Users\baham\Local Sites\laviedesplantes\app\public\wp-admin\admin-ajax.php(192): do_action('wp_ajax_element...')
#12 {main}
  thrown in C:\Users\baham\Local Sites\laviedesplantes\app\public\wp-content\plugins\woolentor-addons\includes\archive_product_render.php on line 187
[21-May-2024 12:11:44 UTC] PHP Warning:  Attempt to read property "post_content" on null in C:\Users\baham\Local Sites\laviedesplantes\app\public\wp-content\plugins\woocommerce\includes\customizer\class-wc-shop-customizer.php on line 950
[21-May-2024 12:11:44 UTC] PHP Warning:  Attempt to read property "post_content" on null in C:\Users\baham\Local Sites\laviedesplantes\app\public\wp-content\plugins\woocommerce\includes\customizer\class-wc-shop-customizer.php on line 950
[21-May-2024 12:46:20 UTC] PHP Warning:  Attempt to read property "post_content" on null in C:\Users\baham\Local Sites\laviedesplantes\app\public\wp-content\plugins\woocommerce\includes\customizer\class-wc-shop-customizer.php on line 950
[21-May-2024 12:46:20 UTC] PHP Warning:  Attempt to read property "post_content" on null in C:\Users\baham\Local Sites\laviedesplantes\app\public\wp-content\plugins\woocommerce\includes\customizer\class-wc-shop-customizer.php on line 950
[21-May-2024 12:48:34 UTC] PHP Warning:  Attempt to read property "post_content" on null in C:\Users\baham\Local Sites\laviedesplantes\app\public\wp-content\plugins\woocommerce\includes\customizer\class-wc-shop-customizer.php on line 950
[21-May-2024 12:48:34 UTC] PHP Warning:  Attempt to read property "post_content" on null in C:\Users\baham\Local Sites\laviedesplantes\app\public\wp-content\plugins\woocommerce\includes\customizer\class-wc-shop-customizer.php on line 950
[21-May-2024 14:28:00 UTC] Cron reschedule event error for hook: action_scheduler_run_queue, Error code: could_not_set, Error message: The cron event list could not be saved., Data: {"schedule":"every_minute","args":["WP Cron"],"interval":60}
